-- The C compiler identification is GNU 11.4.0
-- The CXX compiler identification is GNU 11.4.0
-- Detecting C compiler ABI info
-- Detecting C compiler ABI info - done
-- Check for working C compiler: /usr/bin/cc - skipped
-- Detecting C compile features
-- Detecting C compile features - done
-- Detecting CXX compiler ABI info
-- Detecting CXX compiler ABI info - done
-- Check for working CXX compiler: /usr/bin/c++ - skipped
-- Detecting CXX compile features
-- Detecting CXX compile features - done
-- Found ament_cmake: 1.3.10 (/opt/ros/humble/share/ament_cmake/cmake)
-- Found Python3: /usr/bin/python3 (found version "3.10.12") found components: Interpreter 
-- Override CMake install command with custom implementation using symlinks instead of copying resources
-- Found rclpy: 3.3.14 (/opt/ros/humble/share/rclpy/cmake)
-- Found rclcpp: 16.0.10 (/opt/ros/humble/share/rclcpp/cmake)
-- Found rosidl_generator_c: 3.1.5 (/opt/ros/humble/share/rosidl_generator_c/cmake)
-- Found rosidl_adapter: 3.1.5 (/opt/ros/humble/share/rosidl_adapter/cmake)
-- Found rosidl_generator_cpp: 3.1.5 (/opt/ros/humble/share/rosidl_generator_cpp/cmake)
-- Using all available rosidl_typesupport_c: rosidl_typesupport_fastrtps_c;rosidl_typesupport_introspection_c
-- Using all available rosidl_typesupport_cpp: rosidl_typesupport_fastrtps_cpp;rosidl_typesupport_introspection_cpp
-- Found rmw_implementation_cmake: 6.1.2 (/opt/ros/humble/share/rmw_implementation_cmake/cmake)
-- Found rmw_fastrtps_cpp: 6.2.7 (/opt/ros/humble/share/rmw_fastrtps_cpp/cmake)
-- Found OpenSSL: /usr/lib/x86_64-linux-gnu/libcrypto.so (found version "3.0.2")  
-- Found FastRTPS: /opt/ros/humble/include  
-- Using RMW implementation 'rmw_fastrtps_cpp' as default
-- Looking for pthread.h
-- Looking for pthread.h - found
-- Performing Test CMAKE_HAVE_LIBC_PTHREAD
-- Performing Test CMAKE_HAVE_LIBC_PTHREAD - Success
-- Found Threads: TRUE  
-- Found sensor_msgs: 4.2.4 (/opt/ros/humble/share/sensor_msgs/cmake)
-- Found nav_msgs: 4.2.4 (/opt/ros/humble/share/nav_msgs/cmake)
-- Found gazebo_msgs: 3.7.0 (/opt/ros/humble/share/gazebo_msgs/cmake)
-- Found gazebo_ros: 3.7.0 (/opt/ros/humble/share/gazebo_ros/cmake)
-- Found PkgConfig: /usr/bin/pkg-config (found version "0.29.2") 
-- Checking for module 'bullet>=2.82'
--   Found bullet, version 3.05
-- Found fcl: /usr/include (found suitable version "0.7.0", minimum required is "0.5.0") 
-- Found assimp: /usr/include (found version "5.2.0") 
-- Found DART: /usr/include (Required is at least version "6.6") found components: dart 
-- Found Boost: /usr/lib/x86_64-linux-gnu/cmake/Boost-1.74.0/BoostConfig.cmake (found suitable version "1.74.0", minimum required is "1.40.0") found components: thread system filesystem program_options regex iostreams date_time 
-- Found Protobuf: /usr/lib/x86_64-linux-gnu/libprotobuf.so (found version "3.12.4") 
-- Looking for ignition-math6 -- found version 6.10.0
-- Searching for dependencies of ignition-math6
-- Looking for OGRE...
-- OGRE_PREFIX_WATCH changed.
-- Checking for module 'OGRE'
--   Found OGRE, version 1.9.0
-- Found Ogre Ghadamon (1.9.0)
-- Found OGRE: optimized;/usr/lib/x86_64-linux-gnu/libOgreMain.so;debug;/usr/lib/x86_64-linux-gnu/libOgreMain.so
-- Looking for OGRE_Paging...
-- Found OGRE_Paging: optimized;/usr/lib/x86_64-linux-gnu/libOgrePaging.so;debug;/usr/lib/x86_64-linux-gnu/libOgrePaging.so
-- Looking for OGRE_Terrain...
-- Found OGRE_Terrain: optimized;/usr/lib/x86_64-linux-gnu/libOgreTerrain.so;debug;/usr/lib/x86_64-linux-gnu/libOgreTerrain.so
-- Looking for OGRE_Property...
-- Found OGRE_Property: optimized;/usr/lib/x86_64-linux-gnu/libOgreProperty.so;debug;/usr/lib/x86_64-linux-gnu/libOgreProperty.so
-- Looking for OGRE_RTShaderSystem...
-- Found OGRE_RTShaderSystem: optimized;/usr/lib/x86_64-linux-gnu/libOgreRTShaderSystem.so;debug;/usr/lib/x86_64-linux-gnu/libOgreRTShaderSystem.so
-- Looking for OGRE_Volume...
-- Found OGRE_Volume: optimized;/usr/lib/x86_64-linux-gnu/libOgreVolume.so;debug;/usr/lib/x86_64-linux-gnu/libOgreVolume.so
-- Looking for OGRE_Overlay...
-- Found OGRE_Overlay: optimized;/usr/lib/x86_64-linux-gnu/libOgreOverlay.so;debug;/usr/lib/x86_64-linux-gnu/libOgreOverlay.so
-- Looking for ignition-math6 -- found version 6.10.0
-- Looking for ignition-transport8 -- found version 8.2.1
-- Searching for dependencies of ignition-transport8
-- Found Protobuf: /usr/lib/x86_64-linux-gnu/libprotobuf.so (found suitable version "3.12.4", minimum required is "3") 
-- Config-file not installed for ZeroMQ -- checking for pkg-config
-- Checking for module 'libzmq >= 4'
--   Found libzmq , version 4.3.4
-- Found ZeroMQ: TRUE (Required is at least version "4") 
-- Checking for module 'uuid'
--   Found uuid, version 2.37.2
-- Found UUID: TRUE  
-- Looking for ignition-msgs5 -- found version 5.8.1
-- Searching for dependencies of ignition-msgs5
-- Looking for ignition-math6 -- found version 6.10.0
-- Checking for module 'tinyxml2'
--   Found tinyxml2, version 9.0.0
-- Looking for ignition-msgs5 -- found version 5.8.1
-- Looking for ignition-common3 -- found version 3.14.0
-- Searching for dependencies of ignition-common3
-- Looking for dlfcn.h - found
-- Looking for libdl - found
-- Found DL: TRUE  
-- Found tinyobjloader: /usr/lib/x86_64-linux-gnu/cmake/tinyobjloader/tinyobjloader-config.cmake (found version "2.0.0") 
-- Searching for <ignition-common3> component [graphics]
-- Looking for ignition-common3-graphics -- found version 3.14.0
-- Searching for dependencies of ignition-common3-graphics
-- Looking for ignition-math6 -- found version 6.10.0
-- Looking for ignition-fuel_tools4 -- found version 4.4.0
-- Searching for dependencies of ignition-fuel_tools4
-- Found CURL: /usr/lib/x86_64-linux-gnu/libcurl.so (found version "7.81.0")  
-- Checking for module 'jsoncpp'
--   Found jsoncpp, version 1.9.5
-- Found JSONCPP: TRUE  
-- Checking for module 'libzip'
--   Found libzip, version 1.7.3
-- Found ZIP: TRUE  
-- Looking for ignition-common3 -- found version 3.14.0
-- Looking for ignition-math6 -- found version 6.10.0
-- Looking for ignition-msgs5 -- found version 5.8.1
-- Gazebo version: 11.10
-- Checking for module 'tbb'
--   Found tbb, version 2021.5.0
-- Configuring done
-- Generating done
-- Build files have been written to: /home/ariel/Documents/Final_Project/build/turt_q_learn_ros2
Built target ament_cmake_python_symlink_turt_q_learn_ros2
running egg_info
creating turt_q_learn_ros2.egg-info
writing turt_q_learn_ros2.egg-info/PKG-INFO
writing dependency_links to turt_q_learn_ros2.egg-info/dependency_links.txt
writing top-level names to turt_q_learn_ros2.egg-info/top_level.txt
writing manifest file 'turt_q_learn_ros2.egg-info/SOURCES.txt'
reading manifest file 'turt_q_learn_ros2.egg-info/SOURCES.txt'
writing manifest file 'turt_q_learn_ros2.egg-info/SOURCES.txt'
Built target ament_cmake_python_build_turt_q_learn_ros2_egg
-- Install configuration: ""
-- Execute custom install script
-- Symlinking: /home/ariel/Documents/Final_Project/install/turt_q_learn_ros2/share/turt_q_learn_ros2/environment/pythonpath.sh
-- Symlinking: /home/ariel/Documents/Final_Project/install/turt_q_learn_ros2/share/turt_q_learn_ros2/environment/pythonpath.dsv
-- Symlinking: /home/ariel/Documents/Final_Project/install/turt_q_learn_ros2/local/lib/python3.10/dist-packages/turt_q_learn_ros2-0.0.1-py3.10.egg-info/PKG-INFO
-- Symlinking: /home/ariel/Documents/Final_Project/install/turt_q_learn_ros2/local/lib/python3.10/dist-packages/turt_q_learn_ros2-0.0.1-py3.10.egg-info/SOURCES.txt
-- Symlinking: /home/ariel/Documents/Final_Project/install/turt_q_learn_ros2/local/lib/python3.10/dist-packages/turt_q_learn_ros2-0.0.1-py3.10.egg-info/dependency_links.txt
-- Symlinking: /home/ariel/Documents/Final_Project/install/turt_q_learn_ros2/local/lib/python3.10/dist-packages/turt_q_learn_ros2-0.0.1-py3.10.egg-info/top_level.txt
-- Symlinking: /home/ariel/Documents/Final_Project/install/turt_q_learn_ros2/local/lib/python3.10/dist-packages/turt_q_learn_ros2/__init__.py
-- Symlinking: /home/ariel/Documents/Final_Project/install/turt_q_learn_ros2/local/lib/python3.10/dist-packages/turt_q_learn_ros2/pathfinder.py
-- Symlinking: /home/ariel/Documents/Final_Project/install/turt_q_learn_ros2/local/lib/python3.10/dist-packages/turt_q_learn_ros2/turt_q_learn_hypers.py
-- Symlinking: /home/ariel/Documents/Final_Project/install/turt_q_learn_ros2/lib/turt_q_learn_ros2/turt_q_learn_hypers.py
-- Symlinking: /home/ariel/Documents/Final_Project/install/turt_q_learn_ros2/share/turt_q_learn_ros2/launch/turt_q_learn_ros2_launch.py
-- Symlinking: /home/ariel/Documents/Final_Project/install/turt_q_learn_ros2/share/turt_q_learn_ros2/models/brick_world/model.sdf
-- Symlinking: /home/ariel/Documents/Final_Project/install/turt_q_learn_ros2/share/turt_q_learn_ros2/models/turtlebot3_burger/meshes/burger_base.dae
-- Symlinking: /home/ariel/Documents/Final_Project/install/turt_q_learn_ros2/share/turt_q_learn_ros2/models/turtlebot3_burger/meshes/lds.dae
-- Symlinking: /home/ariel/Documents/Final_Project/install/turt_q_learn_ros2/share/turt_q_learn_ros2/models/turtlebot3_burger/meshes/left_tire.dae
-- Symlinking: /home/ariel/Documents/Final_Project/install/turt_q_learn_ros2/share/turt_q_learn_ros2/models/turtlebot3_burger/meshes/right_tire.dae
-- Symlinking: /home/ariel/Documents/Final_Project/install/turt_q_learn_ros2/share/turt_q_learn_ros2/models/turtlebot3_burger/model-1_4.sdf
-- Symlinking: /home/ariel/Documents/Final_Project/install/turt_q_learn_ros2/share/turt_q_learn_ros2/models/turtlebot3_burger/model.config
-- Symlinking: /home/ariel/Documents/Final_Project/install/turt_q_learn_ros2/share/turt_q_learn_ros2/models/turtlebot3_burger/model.sdf
-- Symlinking: /home/ariel/Documents/Final_Project/install/turt_q_learn_ros2/share/turt_q_learn_ros2/models/turtlebot3_square/goal_box/model.config
-- Symlinking: /home/ariel/Documents/Final_Project/install/turt_q_learn_ros2/share/turt_q_learn_ros2/models/turtlebot3_square/goal_box/model.sdf
-- Symlinking: /home/ariel/Documents/Final_Project/install/turt_q_learn_ros2/share/turt_q_learn_ros2/models/turtlebot3_square/model.config
-- Symlinking: /home/ariel/Documents/Final_Project/install/turt_q_learn_ros2/share/turt_q_learn_ros2/models/turtlebot3_square/model.sdf
-- Symlinking: /home/ariel/Documents/Final_Project/install/turt_q_learn_ros2/share/turt_q_learn_ros2/models/turtlebot3_waffle/meshes/lds.dae
-- Symlinking: /home/ariel/Documents/Final_Project/install/turt_q_learn_ros2/share/turt_q_learn_ros2/models/turtlebot3_waffle/meshes/left_tire.dae
-- Symlinking: /home/ariel/Documents/Final_Project/install/turt_q_learn_ros2/share/turt_q_learn_ros2/models/turtlebot3_waffle/meshes/r200.dae
-- Symlinking: /home/ariel/Documents/Final_Project/install/turt_q_learn_ros2/share/turt_q_learn_ros2/models/turtlebot3_waffle/meshes/right_tire.dae
-- Symlinking: /home/ariel/Documents/Final_Project/install/turt_q_learn_ros2/share/turt_q_learn_ros2/models/turtlebot3_waffle/meshes/waffle_base.dae
-- Symlinking: /home/ariel/Documents/Final_Project/install/turt_q_learn_ros2/share/turt_q_learn_ros2/models/turtlebot3_waffle/model-1_4.sdf
-- Symlinking: /home/ariel/Documents/Final_Project/install/turt_q_learn_ros2/share/turt_q_learn_ros2/models/turtlebot3_waffle/model.config
-- Symlinking: /home/ariel/Documents/Final_Project/install/turt_q_learn_ros2/share/turt_q_learn_ros2/models/turtlebot3_waffle/model.sdf
-- Symlinking: /home/ariel/Documents/Final_Project/install/turt_q_learn_ros2/share/turt_q_learn_ros2/worlds/brick.world
-- Symlinking: /home/ariel/Documents/Final_Project/install/turt_q_learn_ros2/share/turt_q_learn_ros2/worlds/empty.world
-- Symlinking: /home/ariel/Documents/Final_Project/install/turt_q_learn_ros2/share/ament_index/resource_index/package_run_dependencies/turt_q_learn_ros2
-- Symlinking: /home/ariel/Documents/Final_Project/install/turt_q_learn_ros2/share/ament_index/resource_index/parent_prefix_path/turt_q_learn_ros2
-- Symlinking: /home/ariel/Documents/Final_Project/install/turt_q_learn_ros2/share/turt_q_learn_ros2/environment/ament_prefix_path.sh
-- Symlinking: /home/ariel/Documents/Final_Project/install/turt_q_learn_ros2/share/turt_q_learn_ros2/environment/ament_prefix_path.dsv
-- Symlinking: /home/ariel/Documents/Final_Project/install/turt_q_learn_ros2/share/turt_q_learn_ros2/environment/path.sh
-- Symlinking: /home/ariel/Documents/Final_Project/install/turt_q_learn_ros2/share/turt_q_learn_ros2/environment/path.dsv
-- Symlinking: /home/ariel/Documents/Final_Project/install/turt_q_learn_ros2/share/turt_q_learn_ros2/local_setup.bash
-- Symlinking: /home/ariel/Documents/Final_Project/install/turt_q_learn_ros2/share/turt_q_learn_ros2/local_setup.sh
-- Symlinking: /home/ariel/Documents/Final_Project/install/turt_q_learn_ros2/share/turt_q_learn_ros2/local_setup.zsh
-- Symlinking: /home/ariel/Documents/Final_Project/install/turt_q_learn_ros2/share/turt_q_learn_ros2/local_setup.dsv
-- Symlinking: /home/ariel/Documents/Final_Project/install/turt_q_learn_ros2/share/turt_q_learn_ros2/package.dsv
-- Symlinking: /home/ariel/Documents/Final_Project/install/turt_q_learn_ros2/share/ament_index/resource_index/packages/turt_q_learn_ros2
-- Symlinking: /home/ariel/Documents/Final_Project/install/turt_q_learn_ros2/share/turt_q_learn_ros2/cmake/turt_q_learn_ros2Config.cmake
-- Symlinking: /home/ariel/Documents/Final_Project/install/turt_q_learn_ros2/share/turt_q_learn_ros2/cmake/turt_q_learn_ros2Config-version.cmake
-- Symlinking: /home/ariel/Documents/Final_Project/install/turt_q_learn_ros2/share/turt_q_learn_ros2/package.xml
Listing '/home/ariel/Documents/Final_Project/install/turt_q_learn_ros2/local/lib/python3.10/dist-packages/turt_q_learn_ros2'...
Compiling '/home/ariel/Documents/Final_Project/install/turt_q_learn_ros2/local/lib/python3.10/dist-packages/turt_q_learn_ros2/__init__.py'...
Compiling '/home/ariel/Documents/Final_Project/install/turt_q_learn_ros2/local/lib/python3.10/dist-packages/turt_q_learn_ros2/pathfinder.py'...
Compiling '/home/ariel/Documents/Final_Project/install/turt_q_learn_ros2/local/lib/python3.10/dist-packages/turt_q_learn_ros2/turt_q_learn_hypers.py'...
*** Sorry: TabError: inconsistent use of tabs and spaces in indentation (turt_q_learn_hypers.py, line 204)
