[0.010s] Invoking command in '/home/ariel/Documents/Final_Project/build/turt_q_learn_ros2': CMAKE_PREFIX_PATH=${CMAKE_PREFIX_PATH}:/home/ariel/Documents/Final_Project/install:/opt/ros/humble /usr/bin/cmake /home/ariel/Documents/Final_Project/src/turt_q_learn_ros2 -DAMENT_CMAKE_SYMLINK_INSTALL=1 -DCMAKE_INSTALL_PREFIX=/home/ariel/Documents/Final_Project/install/turt_q_learn_ros2
[0.071s] -- The C compiler identification is GNU 11.4.0
[0.127s] -- The CXX compiler identification is GNU 11.4.0
[0.137s] -- Detecting C compiler ABI info
[0.209s] -- Detecting C compiler ABI info - done
[0.215s] -- Check for working C compiler: /usr/bin/cc - skipped
[0.215s] -- Detecting C compile features
[0.216s] -- Detecting C compile features - done
[0.219s] -- Detecting CXX compiler ABI info
[0.321s] -- Detecting CXX compiler ABI info - done
[0.327s] -- Check for working CXX compiler: /usr/bin/c++ - skipped
[0.327s] -- Detecting CXX compile features
[0.328s] -- Detecting CXX compile features - done
[0.329s] -- Found ament_cmake: 1.3.10 (/opt/ros/humble/share/ament_cmake/cmake)
[0.436s] -- Found Python3: /usr/bin/python3 (found version "3.10.12") found components: Interpreter 
[0.480s] -- Override CMake install command with custom implementation using symlinks instead of copying resources
[0.502s] -- Found rclpy: 3.3.14 (/opt/ros/humble/share/rclpy/cmake)
[0.502s] -- Found rclcpp: 16.0.10 (/opt/ros/humble/share/rclcpp/cmake)
[0.533s] -- Found rosidl_generator_c: 3.1.5 (/opt/ros/humble/share/rosidl_generator_c/cmake)
[0.536s] -- Found rosidl_adapter: 3.1.5 (/opt/ros/humble/share/rosidl_adapter/cmake)
[0.542s] -- Found rosidl_generator_cpp: 3.1.5 (/opt/ros/humble/share/rosidl_generator_cpp/cmake)
[0.550s] -- Using all available rosidl_typesupport_c: rosidl_typesupport_fastrtps_c;rosidl_typesupport_introspection_c
[0.561s] -- Using all available rosidl_typesupport_cpp: rosidl_typesupport_fastrtps_cpp;rosidl_typesupport_introspection_cpp
[0.591s] -- Found rmw_implementation_cmake: 6.1.2 (/opt/ros/humble/share/rmw_implementation_cmake/cmake)
[0.593s] -- Found rmw_fastrtps_cpp: 6.2.7 (/opt/ros/humble/share/rmw_fastrtps_cpp/cmake)
[0.684s] -- Found OpenSSL: /usr/lib/x86_64-linux-gnu/libcrypto.so (found version "3.0.2")  
[0.705s] -- Found FastRTPS: /opt/ros/humble/include  
[0.738s] -- Using RMW implementation 'rmw_fastrtps_cpp' as default
[0.745s] -- Looking for pthread.h
[0.823s] -- Looking for pthread.h - found
[0.823s] -- Performing Test CMAKE_HAVE_LIBC_PTHREAD
[0.906s] -- Performing Test CMAKE_HAVE_LIBC_PTHREAD - Success
[0.907s] -- Found Threads: TRUE  
[0.943s] -- Found sensor_msgs: 4.2.4 (/opt/ros/humble/share/sensor_msgs/cmake)
[0.974s] -- Found nav_msgs: 4.2.4 (/opt/ros/humble/share/nav_msgs/cmake)
[0.989s] -- Found gazebo_msgs: 3.7.0 (/opt/ros/humble/share/gazebo_msgs/cmake)
[1.022s] -- Found gazebo_ros: 3.7.0 (/opt/ros/humble/share/gazebo_ros/cmake)
[1.031s] -- Found PkgConfig: /usr/bin/pkg-config (found version "0.29.2") 
[1.032s] -- Checking for module 'bullet>=2.82'
[1.053s] --   Found bullet, version 3.05
[1.177s] -- Found fcl: /usr/include (found suitable version "0.7.0", minimum required is "0.5.0") 
[1.237s] -- Found assimp: /usr/include (found version "5.2.0") 
[1.253s] -- Found DART: /usr/include (Required is at least version "6.6") found components: dart 
[1.273s] -- Found Boost: /usr/lib/x86_64-linux-gnu/cmake/Boost-1.74.0/BoostConfig.cmake (found suitable version "1.74.0", minimum required is "1.40.0") found components: thread system filesystem program_options regex iostreams date_time 
[1.287s] -- Found Protobuf: /usr/lib/x86_64-linux-gnu/libprotobuf.so (found version "3.12.4") 
[1.290s] -- Looking for ignition-math6 -- found version 6.10.0
[1.294s] -- Searching for dependencies of ignition-math6
[1.295s] -- Looking for OGRE...
[1.296s] -- OGRE_PREFIX_WATCH changed.
[1.301s] -- Checking for module 'OGRE'
[1.316s] --   Found OGRE, version 1.9.0
[1.361s] -- Found Ogre Ghadamon (1.9.0)
[1.367s] -- Found OGRE: optimized;/usr/lib/x86_64-linux-gnu/libOgreMain.so;debug;/usr/lib/x86_64-linux-gnu/libOgreMain.so
[1.376s] -- Looking for OGRE_Paging...
[1.380s] -- Found OGRE_Paging: optimized;/usr/lib/x86_64-linux-gnu/libOgrePaging.so;debug;/usr/lib/x86_64-linux-gnu/libOgrePaging.so
[1.380s] -- Looking for OGRE_Terrain...
[1.383s] -- Found OGRE_Terrain: optimized;/usr/lib/x86_64-linux-gnu/libOgreTerrain.so;debug;/usr/lib/x86_64-linux-gnu/libOgreTerrain.so
[1.383s] -- Looking for OGRE_Property...
[1.386s] -- Found OGRE_Property: optimized;/usr/lib/x86_64-linux-gnu/libOgreProperty.so;debug;/usr/lib/x86_64-linux-gnu/libOgreProperty.so
[1.386s] -- Looking for OGRE_RTShaderSystem...
[1.388s] -- Found OGRE_RTShaderSystem: optimized;/usr/lib/x86_64-linux-gnu/libOgreRTShaderSystem.so;debug;/usr/lib/x86_64-linux-gnu/libOgreRTShaderSystem.so
[1.389s] -- Looking for OGRE_Volume...
[1.392s] -- Found OGRE_Volume: optimized;/usr/lib/x86_64-linux-gnu/libOgreVolume.so;debug;/usr/lib/x86_64-linux-gnu/libOgreVolume.so
[1.392s] -- Looking for OGRE_Overlay...
[1.395s] -- Found OGRE_Overlay: optimized;/usr/lib/x86_64-linux-gnu/libOgreOverlay.so;debug;/usr/lib/x86_64-linux-gnu/libOgreOverlay.so
[1.460s] -- Looking for ignition-math6 -- found version 6.10.0
[1.461s] -- Looking for ignition-transport8 -- found version 8.2.1
[1.461s] -- Searching for dependencies of ignition-transport8
[1.475s] -- Found Protobuf: /usr/lib/x86_64-linux-gnu/libprotobuf.so (found suitable version "3.12.4", minimum required is "3") 
[1.483s] -- Config-file not installed for ZeroMQ -- checking for pkg-config
[1.488s] -- Checking for module 'libzmq >= 4'
[1.503s] --   Found libzmq , version 4.3.4
[1.548s] -- Found ZeroMQ: TRUE (Required is at least version "4") 
[1.555s] -- Checking for module 'uuid'
[1.569s] --   Found uuid, version 2.37.2
[1.605s] -- Found UUID: TRUE  
[1.606s] -- Looking for ignition-msgs5 -- found version 5.8.1
[1.607s] -- Searching for dependencies of ignition-msgs5
[1.623s] -- Looking for ignition-math6 -- found version 6.10.0
[1.628s] -- Checking for module 'tinyxml2'
[1.642s] --   Found tinyxml2, version 9.0.0
[1.690s] -- Looking for ignition-msgs5 -- found version 5.8.1
[1.691s] -- Looking for ignition-common3 -- found version 3.14.0
[1.692s] -- Searching for dependencies of ignition-common3
[1.692s] -- Looking for dlfcn.h - found
[1.692s] -- Looking for libdl - found
[1.694s] -- Found DL: TRUE  
[1.702s] -- Found tinyobjloader: /usr/lib/x86_64-linux-gnu/cmake/tinyobjloader/tinyobjloader-config.cmake (found version "2.0.0") 
[1.702s] -- Searching for <ignition-common3> component [graphics]
[1.704s] -- Looking for ignition-common3-graphics -- found version 3.14.0
[1.704s] -- Searching for dependencies of ignition-common3-graphics
[1.704s] -- Looking for ignition-math6 -- found version 6.10.0
[1.706s] -- Looking for ignition-fuel_tools4 -- found version 4.4.0
[1.706s] -- Searching for dependencies of ignition-fuel_tools4
[1.792s] -- Found CURL: /usr/lib/x86_64-linux-gnu/libcurl.so (found version "7.81.0")  
[1.801s] -- Checking for module 'jsoncpp'
[1.817s] --   Found jsoncpp, version 1.9.5
[1.857s] -- Found JSONCPP: TRUE  
[1.863s] -- Checking for module 'libzip'
[1.881s] --   Found libzip, version 1.7.3
[1.921s] -- Found ZIP: TRUE  
[1.922s] -- Looking for ignition-common3 -- found version 3.14.0
[1.922s] -- Looking for ignition-math6 -- found version 6.10.0
[1.922s] -- Looking for ignition-msgs5 -- found version 5.8.1
[1.925s] -- Gazebo version: 11.10
[1.926s] -- Checking for module 'tbb'
[1.941s] --   Found tbb, version 2021.5.0
[2.091s] -- Configuring done
[2.098s] -- Generating done
[2.101s] -- Build files have been written to: /home/ariel/Documents/Final_Project/build/turt_q_learn_ros2
[2.113s] Invoked command in '/home/ariel/Documents/Final_Project/build/turt_q_learn_ros2' returned '0': CMAKE_PREFIX_PATH=${CMAKE_PREFIX_PATH}:/home/ariel/Documents/Final_Project/install:/opt/ros/humble /usr/bin/cmake /home/ariel/Documents/Final_Project/src/turt_q_learn_ros2 -DAMENT_CMAKE_SYMLINK_INSTALL=1 -DCMAKE_INSTALL_PREFIX=/home/ariel/Documents/Final_Project/install/turt_q_learn_ros2
[2.116s] Invoking command in '/home/ariel/Documents/Final_Project/build/turt_q_learn_ros2': CMAKE_PREFIX_PATH=${CMAKE_PREFIX_PATH}:/home/ariel/Documents/Final_Project/install:/opt/ros/humble /usr/bin/cmake --build /home/ariel/Documents/Final_Project/build/turt_q_learn_ros2 -- -j7 -l7
[2.184s] Built target ament_cmake_python_symlink_turt_q_learn_ros2
[2.349s] running egg_info
[2.350s] creating turt_q_learn_ros2.egg-info
[2.350s] writing turt_q_learn_ros2.egg-info/PKG-INFO
[2.350s] writing dependency_links to turt_q_learn_ros2.egg-info/dependency_links.txt
[2.351s] writing top-level names to turt_q_learn_ros2.egg-info/top_level.txt
[2.351s] writing manifest file 'turt_q_learn_ros2.egg-info/SOURCES.txt'
[2.352s] reading manifest file 'turt_q_learn_ros2.egg-info/SOURCES.txt'
[2.353s] writing manifest file 'turt_q_learn_ros2.egg-info/SOURCES.txt'
[2.379s] Built target ament_cmake_python_build_turt_q_learn_ros2_egg
[2.392s] Invoked command in '/home/ariel/Documents/Final_Project/build/turt_q_learn_ros2' returned '0': CMAKE_PREFIX_PATH=${CMAKE_PREFIX_PATH}:/home/ariel/Documents/Final_Project/install:/opt/ros/humble /usr/bin/cmake --build /home/ariel/Documents/Final_Project/build/turt_q_learn_ros2 -- -j7 -l7
[2.440s] Invoking command in '/home/ariel/Documents/Final_Project/build/turt_q_learn_ros2': CMAKE_PREFIX_PATH=${CMAKE_PREFIX_PATH}:/home/ariel/Documents/Final_Project/install:/opt/ros/humble /usr/bin/cmake --install /home/ariel/Documents/Final_Project/build/turt_q_learn_ros2
[2.446s] -- Install configuration: ""
[2.447s] -- Execute custom install script
[2.447s] -- Symlinking: /home/ariel/Documents/Final_Project/install/turt_q_learn_ros2/share/turt_q_learn_ros2/environment/pythonpath.sh
[2.456s] -- Symlinking: /home/ariel/Documents/Final_Project/install/turt_q_learn_ros2/share/turt_q_learn_ros2/environment/pythonpath.dsv
[2.465s] -- Symlinking: /home/ariel/Documents/Final_Project/install/turt_q_learn_ros2/local/lib/python3.10/dist-packages/turt_q_learn_ros2-0.0.1-py3.10.egg-info/PKG-INFO
[2.478s] -- Symlinking: /home/ariel/Documents/Final_Project/install/turt_q_learn_ros2/local/lib/python3.10/dist-packages/turt_q_learn_ros2-0.0.1-py3.10.egg-info/SOURCES.txt
[2.488s] -- Symlinking: /home/ariel/Documents/Final_Project/install/turt_q_learn_ros2/local/lib/python3.10/dist-packages/turt_q_learn_ros2-0.0.1-py3.10.egg-info/dependency_links.txt
[2.496s] -- Symlinking: /home/ariel/Documents/Final_Project/install/turt_q_learn_ros2/local/lib/python3.10/dist-packages/turt_q_learn_ros2-0.0.1-py3.10.egg-info/top_level.txt
[2.505s] -- Symlinking: /home/ariel/Documents/Final_Project/install/turt_q_learn_ros2/local/lib/python3.10/dist-packages/turt_q_learn_ros2/__init__.py
[2.513s] -- Symlinking: /home/ariel/Documents/Final_Project/install/turt_q_learn_ros2/local/lib/python3.10/dist-packages/turt_q_learn_ros2/pathfinder.py
[2.521s] -- Symlinking: /home/ariel/Documents/Final_Project/install/turt_q_learn_ros2/local/lib/python3.10/dist-packages/turt_q_learn_ros2/turt_q_learn_hypers.py
[2.530s] -- Symlinking: /home/ariel/Documents/Final_Project/install/turt_q_learn_ros2/lib/turt_q_learn_ros2/turt_q_learn_hypers.py
[2.539s] -- Symlinking: /home/ariel/Documents/Final_Project/install/turt_q_learn_ros2/share/turt_q_learn_ros2/launch/turt_q_learn_ros2_launch.py
[2.548s] -- Symlinking: /home/ariel/Documents/Final_Project/install/turt_q_learn_ros2/share/turt_q_learn_ros2/models/brick_world/model.sdf
[2.557s] -- Symlinking: /home/ariel/Documents/Final_Project/install/turt_q_learn_ros2/share/turt_q_learn_ros2/models/turtlebot3_burger/meshes/burger_base.dae
[2.566s] -- Symlinking: /home/ariel/Documents/Final_Project/install/turt_q_learn_ros2/share/turt_q_learn_ros2/models/turtlebot3_burger/meshes/lds.dae
[2.576s] -- Symlinking: /home/ariel/Documents/Final_Project/install/turt_q_learn_ros2/share/turt_q_learn_ros2/models/turtlebot3_burger/meshes/left_tire.dae
[2.588s] -- Symlinking: /home/ariel/Documents/Final_Project/install/turt_q_learn_ros2/share/turt_q_learn_ros2/models/turtlebot3_burger/meshes/right_tire.dae
[2.597s] -- Symlinking: /home/ariel/Documents/Final_Project/install/turt_q_learn_ros2/share/turt_q_learn_ros2/models/turtlebot3_burger/model-1_4.sdf
[2.607s] -- Symlinking: /home/ariel/Documents/Final_Project/install/turt_q_learn_ros2/share/turt_q_learn_ros2/models/turtlebot3_burger/model.config
[2.615s] -- Symlinking: /home/ariel/Documents/Final_Project/install/turt_q_learn_ros2/share/turt_q_learn_ros2/models/turtlebot3_burger/model.sdf
[2.623s] -- Symlinking: /home/ariel/Documents/Final_Project/install/turt_q_learn_ros2/share/turt_q_learn_ros2/models/turtlebot3_square/goal_box/model.config
[2.631s] -- Symlinking: /home/ariel/Documents/Final_Project/install/turt_q_learn_ros2/share/turt_q_learn_ros2/models/turtlebot3_square/goal_box/model.sdf
[2.639s] -- Symlinking: /home/ariel/Documents/Final_Project/install/turt_q_learn_ros2/share/turt_q_learn_ros2/models/turtlebot3_square/model.config
[2.649s] -- Symlinking: /home/ariel/Documents/Final_Project/install/turt_q_learn_ros2/share/turt_q_learn_ros2/models/turtlebot3_square/model.sdf
[2.657s] -- Symlinking: /home/ariel/Documents/Final_Project/install/turt_q_learn_ros2/share/turt_q_learn_ros2/models/turtlebot3_waffle/meshes/lds.dae
[2.666s] -- Symlinking: /home/ariel/Documents/Final_Project/install/turt_q_learn_ros2/share/turt_q_learn_ros2/models/turtlebot3_waffle/meshes/left_tire.dae
[2.679s] -- Symlinking: /home/ariel/Documents/Final_Project/install/turt_q_learn_ros2/share/turt_q_learn_ros2/models/turtlebot3_waffle/meshes/r200.dae
[2.689s] -- Symlinking: /home/ariel/Documents/Final_Project/install/turt_q_learn_ros2/share/turt_q_learn_ros2/models/turtlebot3_waffle/meshes/right_tire.dae
[2.699s] -- Symlinking: /home/ariel/Documents/Final_Project/install/turt_q_learn_ros2/share/turt_q_learn_ros2/models/turtlebot3_waffle/meshes/waffle_base.dae
[2.708s] -- Symlinking: /home/ariel/Documents/Final_Project/install/turt_q_learn_ros2/share/turt_q_learn_ros2/models/turtlebot3_waffle/model-1_4.sdf
[2.716s] -- Symlinking: /home/ariel/Documents/Final_Project/install/turt_q_learn_ros2/share/turt_q_learn_ros2/models/turtlebot3_waffle/model.config
[2.726s] -- Symlinking: /home/ariel/Documents/Final_Project/install/turt_q_learn_ros2/share/turt_q_learn_ros2/models/turtlebot3_waffle/model.sdf
[2.735s] -- Symlinking: /home/ariel/Documents/Final_Project/install/turt_q_learn_ros2/share/turt_q_learn_ros2/worlds/brick.world
[2.744s] -- Symlinking: /home/ariel/Documents/Final_Project/install/turt_q_learn_ros2/share/turt_q_learn_ros2/worlds/empty.world
[2.753s] -- Symlinking: /home/ariel/Documents/Final_Project/install/turt_q_learn_ros2/share/ament_index/resource_index/package_run_dependencies/turt_q_learn_ros2
[2.761s] -- Symlinking: /home/ariel/Documents/Final_Project/install/turt_q_learn_ros2/share/ament_index/resource_index/parent_prefix_path/turt_q_learn_ros2
[2.771s] -- Symlinking: /home/ariel/Documents/Final_Project/install/turt_q_learn_ros2/share/turt_q_learn_ros2/environment/ament_prefix_path.sh
[2.781s] -- Symlinking: /home/ariel/Documents/Final_Project/install/turt_q_learn_ros2/share/turt_q_learn_ros2/environment/ament_prefix_path.dsv
[2.792s] -- Symlinking: /home/ariel/Documents/Final_Project/install/turt_q_learn_ros2/share/turt_q_learn_ros2/environment/path.sh
[2.803s] -- Symlinking: /home/ariel/Documents/Final_Project/install/turt_q_learn_ros2/share/turt_q_learn_ros2/environment/path.dsv
[2.813s] -- Symlinking: /home/ariel/Documents/Final_Project/install/turt_q_learn_ros2/share/turt_q_learn_ros2/local_setup.bash
[2.821s] -- Symlinking: /home/ariel/Documents/Final_Project/install/turt_q_learn_ros2/share/turt_q_learn_ros2/local_setup.sh
[2.830s] -- Symlinking: /home/ariel/Documents/Final_Project/install/turt_q_learn_ros2/share/turt_q_learn_ros2/local_setup.zsh
[2.839s] -- Symlinking: /home/ariel/Documents/Final_Project/install/turt_q_learn_ros2/share/turt_q_learn_ros2/local_setup.dsv
[2.848s] -- Symlinking: /home/ariel/Documents/Final_Project/install/turt_q_learn_ros2/share/turt_q_learn_ros2/package.dsv
[2.856s] -- Symlinking: /home/ariel/Documents/Final_Project/install/turt_q_learn_ros2/share/ament_index/resource_index/packages/turt_q_learn_ros2
[2.865s] -- Symlinking: /home/ariel/Documents/Final_Project/install/turt_q_learn_ros2/share/turt_q_learn_ros2/cmake/turt_q_learn_ros2Config.cmake
[2.880s] -- Symlinking: /home/ariel/Documents/Final_Project/install/turt_q_learn_ros2/share/turt_q_learn_ros2/cmake/turt_q_learn_ros2Config-version.cmake
[2.891s] -- Symlinking: /home/ariel/Documents/Final_Project/install/turt_q_learn_ros2/share/turt_q_learn_ros2/package.xml
[2.927s] Listing '/home/ariel/Documents/Final_Project/install/turt_q_learn_ros2/local/lib/python3.10/dist-packages/turt_q_learn_ros2'...
[2.927s] Compiling '/home/ariel/Documents/Final_Project/install/turt_q_learn_ros2/local/lib/python3.10/dist-packages/turt_q_learn_ros2/__init__.py'...
[2.927s] Compiling '/home/ariel/Documents/Final_Project/install/turt_q_learn_ros2/local/lib/python3.10/dist-packages/turt_q_learn_ros2/pathfinder.py'...
[2.927s] Compiling '/home/ariel/Documents/Final_Project/install/turt_q_learn_ros2/local/lib/python3.10/dist-packages/turt_q_learn_ros2/turt_q_learn_hypers.py'...
[2.928s] *** Sorry: TabError: inconsistent use of tabs and spaces in indentation (turt_q_learn_hypers.py, line 204)
[2.935s] Invoked command in '/home/ariel/Documents/Final_Project/build/turt_q_learn_ros2' returned '0': CMAKE_PREFIX_PATH=${CMAKE_PREFIX_PATH}:/home/ariel/Documents/Final_Project/install:/opt/ros/humble /usr/bin/cmake --install /home/ariel/Documents/Final_Project/build/turt_q_learn_ros2
